[INFO] Scanning for projects...
[INFO] 
[INFO] ----------------------< org.college:college-poc >-----------------------
[INFO] Building college-poc 0.0.1-SNAPSHOT
[INFO]   from pom.xml
[INFO] --------------------------------[ jar ]---------------------------------
[INFO] 
[INFO] >>> spring-boot:4.0.1:run (default-cli) > test-compile @ college-poc >>>
[INFO] 
[INFO] --- resources:3.3.1:resources (default-resources) @ college-poc ---
[INFO] Copying 1 resource from src\main\resources to target\classes
[INFO] 
[INFO] --- compiler:3.14.1:compile (default-compile) @ college-poc ---
[INFO] Nothing to compile - all classes are up to date.
[INFO] 
[INFO] --- resources:3.3.1:testResources (default-testResources) @ college-poc ---
[INFO] skip non existing resourceDirectory C:\Macha\SPIN\POC\college-poc\src\test\resources
[INFO] 
[INFO] --- compiler:3.14.1:testCompile (default-testCompile) @ college-poc ---
[INFO] No sources to compile
[INFO] 
[INFO] <<< spring-boot:4.0.1:run (default-cli) < test-compile @ college-poc <<<
[INFO] 
[INFO] 
[INFO] --- spring-boot:4.0.1:run (default-cli) @ college-poc ---
[INFO] Attaching agents: []

  .   ____          _            __ _ _
 /\\ / ___'_ __ _ _(_)_ __  __ _ \ \ \ \
( ( )\___ | '_ | '_| | '_ \/ _` | \ \ \ \
 \\/  ___)| |_)| | | | | || (_| |  ) ) ) )
  '  |____| .__|_| |_|_| |_\__, | / / / /
 =========|_|==============|___/=/_/_/_/

 :: Spring Boot ::                (v4.0.1)

2026-01-30T23:05:02.900+05:30  INFO 21508 --- [college-poc] [           main] c.c.cms.CollegeManagementApplication     : Starting CollegeManagementApplication using Java 17.0.9 with PID 21508 (C:\Macha\SPIN\POC\college-poc\target\classes started by MACHALA in C:\Macha\SPIN\POC\college-poc)
2026-01-30T23:05:02.900+05:30  INFO 21508 --- [college-poc] [           main] c.c.cms.CollegeManagementApplication     : No active profile set, falling back to 1 default profile: "default"
2026-01-30T23:05:03.589+05:30  INFO 21508 --- [college-poc] [           main] .s.d.r.c.RepositoryConfigurationDelegate : Bootstrapping Spring Data JPA repositories in DEFAULT mode.
2026-01-30T23:05:03.640+05:30  INFO 21508 --- [college-poc] [           main] .s.d.r.c.RepositoryConfigurationDelegate : Finished Spring Data repository scanning in 37 ms. Found 4 JPA repository interfaces.
2026-01-30T23:05:04.131+05:30  INFO 21508 --- [college-poc] [           main] o.s.boot.tomcat.TomcatWebServer          : Tomcat initialized with port 8083 (http)
2026-01-30T23:05:04.159+05:30  INFO 21508 --- [college-poc] [           main] o.apache.catalina.core.StandardService   : Starting service [Tomcat]
2026-01-30T23:05:04.159+05:30  INFO 21508 --- [college-poc] [           main] o.apache.catalina.core.StandardEngine    : Starting Servlet engine: [Apache Tomcat/11.0.15]
2026-01-30T23:05:04.323+05:30  INFO 21508 --- [college-poc] [           main] b.w.c.s.WebApplicationContextInitializer : Root WebApplicationContext: initialization completed in 1375 ms
2026-01-30T23:05:04.452+05:30  INFO 21508 --- [college-poc] [           main] org.hibernate.orm.jpa                    : HHH008540: Processing PersistenceUnitInfo [name: default]
2026-01-30T23:05:04.498+05:30  INFO 21508 --- [college-poc] [           main] org.hibernate.orm.core                   : HHH000001: Hibernate ORM core version 7.2.0.Final
2026-01-30T23:05:04.832+05:30  INFO 21508 --- [college-poc] [           main] o.s.o.j.p.SpringPersistenceUnitInfo      : No LoadTimeWeaver setup: ignoring JPA class transformer
2026-01-30T23:05:04.858+05:30  INFO 21508 --- [college-poc] [           main] com.zaxxer.hikari.HikariDataSource       : HikariPool-1 - Starting...
2026-01-30T23:05:05.121+05:30  INFO 21508 --- [college-poc] [           main] com.zaxxer.hikari.pool.HikariPool        : HikariPool-1 - Added connection org.postgresql.jdbc.PgConnection@52eca410
2026-01-30T23:05:05.130+05:30  INFO 21508 --- [college-poc] [           main] com.zaxxer.hikari.HikariDataSource       : HikariPool-1 - Start completed.
2026-01-30T23:05:05.203+05:30  INFO 21508 --- [college-poc] [           main] org.hibernate.orm.connections.pooling    : HHH10001005: Database info:
	Database JDBC URL [jdbc:postgresql://localhost:5432/collegedb]
	Database driver: PostgreSQL JDBC Driver
	Database dialect: PostgreSQLDialect
	Database version: 18.1
	Default catalog/schema: collegedb/public
	Autocommit mode: undefined/unknown
	Isolation level: READ_COMMITTED [default READ_COMMITTED]
	JDBC fetch size: none
	Pool: DataSourceConnectionProvider
	Minimum pool size: undefined/unknown
	Maximum pool size: undefined/unknown
2026-01-30T23:05:06.007+05:30  INFO 21508 --- [college-poc] [           main] org.hibernate.orm.core                   : HHH000489: No JTA platform available (set 'hibernate.transaction.jta.platform' to enable JTA platform integration)
2026-01-30T23:05:06.038+05:30 DEBUG 21508 --- [college-poc] [           main] org.hibernate.SQL                        : set client_min_messages = WARNING
2026-01-30T23:05:06.038+05:30 DEBUG 21508 --- [college-poc] [           main] org.hibernate.SQL                        : alter table if exists college.enrollment drop constraint if exists FKbhhcqkw1px6yljqg92m0sh2gt
2026-01-30T23:05:06.040+05:30 DEBUG 21508 --- [college-poc] [           main] org.hibernate.SQL                        : alter table if exists college.enrollment drop constraint if exists FKio7fsy3vhvfgv7c0gjk15nyk4
2026-01-30T23:05:06.044+05:30 DEBUG 21508 --- [college-poc] [           main] org.hibernate.SQL                        : alter table if exists college.payment drop constraint if exists FK6sgryf7ajjpca682xi2wy48xc
2026-01-30T23:05:06.046+05:30 DEBUG 21508 --- [college-poc] [           main] org.hibernate.SQL                        : drop table if exists college.course cascade
2026-01-30T23:05:06.052+05:30 DEBUG 21508 --- [college-poc] [           main] org.hibernate.SQL                        : drop table if exists college.enrollment cascade
2026-01-30T23:05:06.054+05:30 DEBUG 21508 --- [college-poc] [           main] org.hibernate.SQL                        : drop table if exists college.payment cascade
2026-01-30T23:05:06.060+05:30 DEBUG 21508 --- [college-poc] [           main] org.hibernate.SQL                        : drop table if exists college.student cascade
2026-01-30T23:05:06.066+05:30 DEBUG 21508 --- [college-poc] [           main] org.hibernate.SQL                        : drop sequence if exists college.course_seq
2026-01-30T23:05:06.070+05:30 DEBUG 21508 --- [college-poc] [           main] org.hibernate.SQL                        : drop sequence if exists college.enrollment_seq
2026-01-30T23:05:06.070+05:30 DEBUG 21508 --- [college-poc] [           main] org.hibernate.SQL                        : drop sequence if exists college.payment_seq
2026-01-30T23:05:06.070+05:30 DEBUG 21508 --- [college-poc] [           main] org.hibernate.SQL                        : drop sequence if exists college.student_seq
2026-01-30T23:05:06.086+05:30 DEBUG 21508 --- [college-poc] [           main] org.hibernate.SQL                        : create table college.course (id bigint not null, code varchar(255), title varchar(255), primary key (id))
2026-01-30T23:05:06.102+05:30 DEBUG 21508 --- [college-poc] [           main] org.hibernate.SQL                        : create table college.enrollment (enrollment_date date not null, course_id bigint not null, id bigint not null, student_id bigint not null, enrollment_status varchar(255) not null check ((enrollment_status in ('ACTIVE','COMPLETED','CANCELLED'))), primary key (id))
2026-01-30T23:05:06.111+05:30 DEBUG 21508 --- [college-poc] [           main] org.hibernate.SQL                        : create table college.payment (amount float(53), payment_date date, enroll_id bigint not null, id bigint not null, payment_status varchar(255) not null check ((payment_status in ('PENDING','SUCCESS','FAILED'))), student_phone_number varchar(255), primary key (id))
2026-01-30T23:05:06.118+05:30 DEBUG 21508 --- [college-poc] [           main] org.hibernate.SQL                        : create table college.student (id bigint not null, address varchar(255), name varchar(255), phone_number varchar(255), primary key (id))
2026-01-30T23:05:06.131+05:30 DEBUG 21508 --- [college-poc] [           main] org.hibernate.SQL                        : create sequence college.course_seq start with 1 increment by 50
2026-01-30T23:05:06.134+05:30 DEBUG 21508 --- [college-poc] [           main] org.hibernate.SQL                        : create sequence college.enrollment_seq start with 1 increment by 50
2026-01-30T23:05:06.134+05:30 DEBUG 21508 --- [college-poc] [           main] org.hibernate.SQL                        : create sequence college.payment_seq start with 1 increment by 50
2026-01-30T23:05:06.134+05:30 DEBUG 21508 --- [college-poc] [           main] org.hibernate.SQL                        : create sequence college.student_seq start with 1 increment by 50
2026-01-30T23:05:06.134+05:30 DEBUG 21508 --- [college-poc] [           main] org.hibernate.SQL                        : alter table if exists college.enrollment add constraint FKbhhcqkw1px6yljqg92m0sh2gt foreign key (course_id) references college.course
2026-01-30T23:05:06.152+05:30 DEBUG 21508 --- [college-poc] [           main] org.hibernate.SQL                        : alter table if exists college.enrollment add constraint FKio7fsy3vhvfgv7c0gjk15nyk4 foreign key (student_id) references college.student
2026-01-30T23:05:06.157+05:30 DEBUG 21508 --- [college-poc] [           main] org.hibernate.SQL                        : alter table if exists college.payment add constraint FK6sgryf7ajjpca682xi2wy48xc foreign key (enroll_id) references college.enrollment
2026-01-30T23:05:06.164+05:30  INFO 21508 --- [college-poc] [           main] j.LocalContainerEntityManagerFactoryBean : Initialized JPA EntityManagerFactory for persistence unit 'default'
2026-01-30T23:05:06.234+05:30  INFO 21508 --- [college-poc] [           main] o.s.d.j.r.query.QueryEnhancerFactories   : Hibernate is in classpath; If applicable, HQL parser will be used.
2026-01-30T23:05:06.485+05:30  WARN 21508 --- [college-poc] [           main] JpaBaseConfiguration$JpaWebConfiguration : spring.jpa.open-in-view is enabled by default. Therefore, database queries may be performed during view rendering. Explicitly configure spring.jpa.open-in-view to disable this warning
2026-01-30T23:05:06.872+05:30  WARN 21508 --- [college-poc] [           main] ConfigServletWebServerApplicationContext : Exception encountered during context initialization - cancelling refresh attempt: org.springframework.context.ApplicationContextException: Failed to start bean 'webServerStartStop'
2026-01-30T23:05:06.884+05:30  INFO 21508 --- [college-poc] [           main] j.LocalContainerEntityManagerFactoryBean : Closing JPA EntityManagerFactory for persistence unit 'default'
2026-01-30T23:05:06.888+05:30  INFO 21508 --- [college-poc] [           main] com.zaxxer.hikari.HikariDataSource       : HikariPool-1 - Shutdown initiated...
2026-01-30T23:05:07.078+05:30  INFO 21508 --- [college-poc] [           main] com.zaxxer.hikari.HikariDataSource       : HikariPool-1 - Shutdown completed.
2026-01-30T23:05:07.081+05:30  INFO 21508 --- [college-poc] [           main] .s.b.a.l.ConditionEvaluationReportLogger : 

Error starting ApplicationContext. To display the condition evaluation report re-run your application with 'debug' enabled.
2026-01-30T23:05:07.094+05:30 ERROR 21508 --- [college-poc] [           main] o.s.b.d.LoggingFailureAnalysisReporter   : 

***************************
APPLICATION FAILED TO START
***************************

Description:

Web server failed to start. Port 8083 was already in use.

Action:

Identify and stop the process that's listening on port 8083 or configure this application to listen on another port.

[INFO] ------------------------------------------------------------------------
[INFO] BUILD FAILURE
[INFO] ------------------------------------------------------------------------
[INFO] Total time:  7.871 s
[INFO] Finished at: 2026-01-30T23:05:07+05:30
[INFO] ------------------------------------------------------------------------
[ERROR] Failed to execute goal org.springframework.boot:spring-boot-maven-plugin:4.0.1:run (default-cli) on project college-poc: Process terminated with exit code: 1 -> [Help 1]
[ERROR] 
[ERROR] To see the full stack trace of the errors, re-run Maven with the -e switch.
[ERROR] Re-run Maven using the -X switch to enable full debug logging.
[ERROR] 
[ERROR] For more information about the errors and possible solutions, please read the following articles:
[ERROR] [Help 1] http://cwiki.apache.org/confluence/display/MAVEN/MojoExecutionException
